# JRE version: OpenJDK Runtime Environment (23.0.2+7) (build 23.0.2+7-58)
# Java VM: OpenJDK 64-Bit Server VM (23.0.2+7-58, mixed mode, sharing, tiered, compressed oops, compressed class ptrs, g1 gc, windows-amd64)
GC Precious Log:
 CardTable entry size: 512
 Card Set container configuration: InlinePtr #cards 5 size 8 Array Of Cards #cards 10 size 36 Howl #buckets 4 coarsen threshold 1843 Howl Bitmap #cards 512 size 80 coarsen threshold 460 Card regions per heap region 1 cards per card region 2048
 CPUs: 4 total, 4 available
 Memory: 7947M
 Large Page Support: Disabled
 NUMA Support: Disabled
 Compressed Oops: Enabled (32-bit)
 Heap Region Size: 1M
 Heap Min Capacity: 8M
 Heap Initial Capacity: 126M
 Heap Max Capacity: 1988M
 Pre-touch: Disabled
 Parallel Workers: 4
 Concurrent Workers: 1
 Concurrent Refinement Workers: 4
 Periodic GC: Disabled
Heap:
 garbage-first heap   total reserved 2035712K, committed 61440K, used 47360K [0x0000000083c00000, 0x0000000100000000)
  region size 1024K, 23 young (23552K), 3 survivors (3072K)
 Metaspace       used 39724K, committed 40512K, reserved 1114112K
  class space    used 4747K, committed 5056K, reserved 1048576K
GC Heap History (16 events):
Event: 0.951 GC heap before
{Heap before GC invocations=0 (full 0):
 garbage-first heap   total reserved 2035712K, committed 129024K, used 14336K [0x0000000083c00000, 0x0000000100000000)
  region size 1024K, 14 young (14336K), 0 survivors (0K)
 Metaspace       used 6348K, committed 6528K, reserved 1114112K
  class space    used 655K, committed 768K, reserved 1048576K
}
Event: 0.955 GC heap after
{Heap after GC invocations=1 (full 0):
 garbage-first heap   total reserved 2035712K, committed 129024K, used 5525K [0x0000000083c00000, 0x0000000100000000)
  region size 1024K, 2 young (2048K), 2 survivors (2048K)
 Metaspace       used 6348K, committed 6528K, reserved 1114112K
  class space    used 655K, committed 768K, reserved 1048576K
}
Event: 1.453 GC heap before
{Heap before GC invocations=1 (full 0):
 garbage-first heap   total reserved 2035712K, committed 129024K, used 17813K [0x0000000083c00000, 0x0000000100000000)
  region size 1024K, 14 young (14336K), 2 survivors (2048K)
 Metaspace       used 10356K, committed 10624K, reserved 1114112K
  class space    used 1162K, committed 1280K, reserved 1048576K
}
Event: 1.457 GC heap after
{Heap after GC invocations=2 (full 0):
 garbage-first heap   total reserved 2035712K, committed 129024K, used 6537K [0x0000000083c00000, 0x0000000100000000)
  region size 1024K, 2 young (2048K), 2 survivors (2048K)
 Metaspace       used 10356K, committed 10624K, reserved 1114112K
  class space    used 1162K, committed 1280K, reserved 1048576K
}
Event: 2.474 GC heap before
{Heap before GC invocations=2 (full 0):
 garbage-first heap   total reserved 2035712K, committed 129024K, used 42377K [0x0000000083c00000, 0x0000000100000000)
  region size 1024K, 33 young (33792K), 2 survivors (2048K)
 Metaspace       used 17548K, committed 17920K, reserved 1114112K
  class space    used 1880K, committed 2048K, reserved 1048576K
}
Event: 2.483 GC heap after
{Heap after GC invocations=3 (full 0):
 garbage-first heap   total reserved 2035712K, committed 129024K, used 11259K [0x0000000083c00000, 0x0000000100000000)
  region size 1024K, 5 young (5120K), 5 survivors (5120K)
 Metaspace       used 17548K, committed 17920K, reserved 1114112K
  class space    used 1880K, committed 2048K, reserved 1048576K
}
Event: 2.951 GC heap before
{Heap before GC invocations=3 (full 0):
 garbage-first heap   total reserved 2035712K, committed 129024K, used 40955K [0x0000000083c00000, 0x0000000100000000)
  region size 1024K, 34 young (34816K), 5 survivors (5120K)
 Metaspace       used 20467K, committed 21056K, reserved 1114112K
  class space    used 2249K, committed 2496K, reserved 1048576K
}
Event: 2.964 GC heap after
{Heap after GC invocations=4 (full 0):
 garbage-first heap   total reserved 2035712K, committed 129024K, used 16568K [0x0000000083c00000, 0x0000000100000000)
  region size 1024K, 5 young (5120K), 5 survivors (5120K)
 Metaspace       used 20467K, committed 21056K, reserved 1114112K
  class space    used 2249K, committed 2496K, reserved 1048576K
}
Event: 3.139 GC heap before
{Heap before GC invocations=4 (full 0):
 garbage-first heap   total reserved 2035712K, committed 129024K, used 29880K [0x0000000083c00000, 0x0000000100000000)
  region size 1024K, 19 young (19456K), 5 survivors (5120K)
 Metaspace       used 20975K, committed 21504K, reserved 1114112K
  class space    used 2357K, committed 2560K, reserved 1048576K
}
Event: 3.146 GC heap after
{Heap after GC invocations=5 (full 0):
 garbage-first heap   total reserved 2035712K, committed 129024K, used 17448K [0x0000000083c00000, 0x0000000100000000)
  region size 1024K, 3 young (3072K), 3 survivors (3072K)
 Metaspace       used 20975K, committed 21504K, reserved 1114112K
  class space    used 2357K, committed 2560K, reserved 1048576K
}
Event: 4.359 GC heap before
{Heap before GC invocations=6 (full 0):
 garbage-first heap   total reserved 2035712K, committed 61440K, used 50216K [0x0000000083c00000, 0x0000000100000000)
  region size 1024K, 36 young (36864K), 3 survivors (3072K)
 Metaspace       used 30324K, committed 30976K, reserved 1114112K
  class space    used 3446K, committed 3712K, reserved 1048576K
}
Event: 4.370 GC heap after
{Heap after GC invocations=7 (full 0):
 garbage-first heap   total reserved 2035712K, committed 61440K, used 22293K [0x0000000083c00000, 0x0000000100000000)
  region size 1024K, 5 young (5120K), 5 survivors (5120K)
 Metaspace       used 30324K, committed 30976K, reserved 1114112K
  class space    used 3446K, committed 3712K, reserved 1048576K
}
Event: 5.118 GC heap before
{Heap before GC invocations=7 (full 0):
 garbage-first heap   total reserved 2035712K, committed 61440K, used 46869K [0x0000000083c00000, 0x0000000100000000)
  region size 1024K, 29 young (29696K), 5 survivors (5120K)
 Metaspace       used 34196K, committed 34944K, reserved 1114112K
  class space    used 3914K, committed 4224K, reserved 1048576K
}
Event: 5.132 GC heap after
{Heap after GC invocations=8 (full 0):
 garbage-first heap   total reserved 2035712K, committed 61440K, used 25808K [0x0000000083c00000, 0x0000000100000000)
  region size 1024K, 4 young (4096K), 4 survivors (4096K)
 Metaspace       used 34196K, committed 34944K, reserved 1114112K
  class space    used 3914K, committed 4224K, reserved 1048576K
}
Event: 5.361 GC heap before
{Heap before GC invocations=8 (full 0):
 garbage-first heap   total reserved 2035712K, committed 61440K, used 44240K [0x0000000083c00000, 0x0000000100000000)
  region size 1024K, 23 young (23552K), 4 survivors (4096K)
 Metaspace       used 35430K, committed 36096K, reserved 1114112K
  class space    used 4088K, committed 4352K, reserved 1048576K
}
Event: 5.368 GC heap after
{Heap after GC invocations=9 (full 0):
 garbage-first heap   total reserved 2035712K, committed 61440K, used 28928K [0x0000000083c00000, 0x0000000100000000)
  region size 1024K, 3 young (3072K), 3 survivors (3072K)
 Metaspace       used 35430K, committed 36096K, reserved 1114112K
  class space    used 4088K, committed 4352K, reserved 1048576K
}

